<?xml version="1.0" encoding="UTF-8"?>
<testsuite xmlns:xsi="http://www.w3.org/2001/XMLSchema-instance" xsi:noNamespaceSchemaLocation="https://maven.apache.org/surefire/maven-surefire-plugin/xsd/surefire-test-report.xsd" name="net.runelite.client.plugins.cluescrolls.clues.CrypticClueTest" time="0" tests="2" errors="0" skipped="0" failures="0">
  <properties>
    <property name="gopherProxySet" value="false"/>
    <property name="awt.toolkit" value="sun.lwawt.macosx.LWCToolkit"/>
    <property name="java.specification.version" value="11"/>
    <property name="sun.cpu.isalist" value=""/>
    <property name="sun.jnu.encoding" value="UTF-8"/>
    <property name="user.region" value="US"/>
    <property name="java.class.path" value="/Users/chasecargill/Code/microbot-fork/runelite-client/target/test-classes:/Users/chasecargill/Code/microbot-fork/runelite-client/target/classes:/Users/chasecargill/.m2/repository/com/microsoft/signalr/signalr/7.0.4/signalr-7.0.4.jar:/Users/chasecargill/.m2/repository/io/reactivex/rxjava3/rxjava/3.0.11/rxjava-3.0.11.jar:/Users/chasecargill/.m2/repository/org/reactivestreams/reactive-streams/1.0.3/reactive-streams-1.0.3.jar:/Users/chasecargill/.m2/repository/com/squareup/okhttp3/okhttp/3.11.0/okhttp-3.11.0.jar:/Users/chasecargill/.m2/repository/com/squareup/okio/okio/1.14.0/okio-1.14.0.jar:/Users/chasecargill/.m2/repository/org/jetbrains/kotlinx/kotlinx-coroutines-core/1.5.0/kotlinx-coroutines-core-1.5.0.jar:/Users/chasecargill/.m2/repository/org/jetbrains/kotlinx/kotlinx-coroutines-core-jvm/1.5.0/kotlinx-coroutines-core-jvm-1.5.0.jar:/Users/chasecargill/.m2/repository/org/jetbrains/kotlin/kotlin-stdlib-common/1.5.0/kotlin-stdlib-common-1.5.0.jar:/Users/chasecargill/.m2/repository/com/fasterxml/jackson/core/jackson-core/2.13.5/jackson-core-2.13.5.jar:/Users/chasecargill/.m2/repository/com/github/joonasvali/naturalmouse/naturalmouse/2.0.3/naturalmouse-2.0.3.jar:/Users/chasecargill/.m2/repository/org/slf4j/slf4j-api/1.7.25/slf4j-api-1.7.25.jar:/Users/chasecargill/.m2/repository/ch/qos/logback/logback-classic/1.2.9/logback-classic-1.2.9.jar:/Users/chasecargill/.m2/repository/ch/qos/logback/logback-core/1.2.9/logback-core-1.2.9.jar:/Users/chasecargill/.m2/repository/net/sf/jopt-simple/jopt-simple/5.0.1/jopt-simple-5.0.1.jar:/Users/chasecargill/.m2/repository/com/google/guava/guava/23.2-jre/guava-23.2-jre.jar:/Users/chasecargill/.m2/repository/org/xerial/sqlite-jdbc/3.42.0.0/sqlite-jdbc-3.42.0.0.jar:/Users/chasecargill/.m2/repository/com/google/inject/guice/4.1.0/guice-4.1.0-no_aop.jar:/Users/chasecargill/.m2/repository/javax/inject/javax.inject/1/javax.inject-1.jar:/Users/chasecargill/.m2/repository/aopalliance/aopalliance/1.0/aopalliance-1.0.jar:/Users/chasecargill/.m2/repository/com/google/code/gson/gson/2.8.5/gson-2.8.5.jar:/Users/chasecargill/.m2/repository/net/runelite/flatlaf/3.2.5-rl4/flatlaf-3.2.5-rl4.jar:/Users/chasecargill/.m2/repository/org/projectlombok/lombok/1.18.30/lombok-1.18.30.jar:/Users/chasecargill/.m2/repository/org/apache/commons/commons-text/1.2/commons-text-1.2.jar:/Users/chasecargill/.m2/repository/org/apache/commons/commons-lang3/3.7/commons-lang3-3.7.jar:/Users/chasecargill/.m2/repository/net/runelite/archive-patcher/archive-patcher-applier/1.2/archive-patcher-applier-1.2.jar:/Users/chasecargill/.m2/repository/net/java/dev/jna/jna/5.9.0/jna-5.9.0.jar:/Users/chasecargill/.m2/repository/net/java/dev/jna/jna-platform/5.9.0/jna-platform-5.9.0.jar:/Users/chasecargill/.m2/repository/com/google/code/findbugs/jsr305/3.0.2/jsr305-3.0.2.jar:/Users/chasecargill/.m2/repository/org/jetbrains/annotations/23.0.0/annotations-23.0.0.jar:/Users/chasecargill/.m2/repository/com/google/protobuf/protobuf-javalite/3.21.12/protobuf-javalite-3.21.12.jar:/Users/chasecargill/.m2/repository/net/runelite/rlawt/1.4/rlawt-1.4.jar:/Users/chasecargill/.m2/repository/org/lwjgl/lwjgl/3.3.2/lwjgl-3.3.2.jar:/Users/chasecargill/.m2/repository/org/lwjgl/lwjgl/3.3.2/lwjgl-3.3.2-natives-linux.jar:/Users/chasecargill/.m2/repository/org/lwjgl/lwjgl/3.3.2/lwjgl-3.3.2-natives-macos.jar:/Users/chasecargill/.m2/repository/org/lwjgl/lwjgl/3.3.2/lwjgl-3.3.2-natives-macos-arm64.jar:/Users/chasecargill/.m2/repository/org/lwjgl/lwjgl/3.3.2/lwjgl-3.3.2-natives-windows-x86.jar:/Users/chasecargill/.m2/repository/org/lwjgl/lwjgl/3.3.2/lwjgl-3.3.2-natives-windows.jar:/Users/chasecargill/.m2/repository/org/lwjgl/lwjgl/3.3.2/lwjgl-3.3.2-natives-windows-arm64.jar:/Users/chasecargill/.m2/repository/org/lwjgl/lwjgl-opengl/3.3.2/lwjgl-opengl-3.3.2.jar:/Users/chasecargill/.m2/repository/org/lwjgl/lwjgl-opengl/3.3.2/lwjgl-opengl-3.3.2-natives-linux.jar:/Users/chasecargill/.m2/repository/org/lwjgl/lwjgl-opengl/3.3.2/lwjgl-opengl-3.3.2-natives-macos.jar:/Users/chasecargill/.m2/repository/org/lwjgl/lwjgl-opengl/3.3.2/lwjgl-opengl-3.3.2-natives-macos-arm64.jar:/Users/chasecargill/.m2/repository/org/lwjgl/lwjgl-opengl/3.3.2/lwjgl-opengl-3.3.2-natives-windows-x86.jar:/Users/chasecargill/.m2/repository/org/lwjgl/lwjgl-opengl/3.3.2/lwjgl-opengl-3.3.2-natives-windows.jar:/Users/chasecargill/.m2/repository/org/lwjgl/lwjgl-opengl/3.3.2/lwjgl-opengl-3.3.2-natives-windows-arm64.jar:/Users/chasecargill/.m2/repository/org/lwjgl/lwjgl-opencl/3.3.2/lwjgl-opencl-3.3.2.jar:/Users/chasecargill/Code/microbot-fork/runelite-api/target/runelite-api-1.10.26-SNAPSHOT.jar:/Users/chasecargill/Code/microbot-fork/runelite-jshell/target/jshell-1.10.26-SNAPSHOT.jar:/Users/chasecargill/.m2/repository/com/fifesoft/rsyntaxtextarea/3.1.2/rsyntaxtextarea-3.1.2.jar:/Users/chasecargill/.m2/repository/com/fifesoft/autocomplete/3.1.1/autocomplete-3.1.1.jar:/Users/chasecargill/.m2/repository/net/runelite/flatlaf-extras/3.2.5-rl4/flatlaf-extras-3.2.5-rl4.jar:/Users/chasecargill/.m2/repository/com/github/weisj/jsvg/1.2.0/jsvg-1.2.0.jar:/Users/chasecargill/.m2/repository/net/runelite/client-patch/1.10.26-SNAPSHOT/client-patch-1.10.26-SNAPSHOT.jar:/Users/chasecargill/.m2/repository/net/runelite/arn/http-api/1.2.12/http-api-1.2.12.jar:/Users/chasecargill/.m2/repository/net/runelite/discord/1.4/discord-1.4.jar:/Users/chasecargill/.m2/repository/net/runelite/orange-extensions/1.1/orange-extensions-1.1.jar:/Users/chasecargill/.m2/repository/junit/junit/4.12/junit-4.12.jar:/Users/chasecargill/.m2/repository/org/hamcrest/hamcrest-core/1.3/hamcrest-core-1.3.jar:/Users/chasecargill/.m2/repository/org/hamcrest/hamcrest-library/1.3/hamcrest-library-1.3.jar:/Users/chasecargill/.m2/repository/org/mockito/mockito-core/3.1.0/mockito-core-3.1.0.jar:/Users/chasecargill/.m2/repository/net/bytebuddy/byte-buddy/1.9.10/byte-buddy-1.9.10.jar:/Users/chasecargill/.m2/repository/net/bytebuddy/byte-buddy-agent/1.9.10/byte-buddy-agent-1.9.10.jar:/Users/chasecargill/.m2/repository/org/objenesis/objenesis/2.6/objenesis-2.6.jar:/Users/chasecargill/.m2/repository/com/google/inject/extensions/guice-testlib/4.1.0/guice-testlib-4.1.0.jar:/Users/chasecargill/.m2/repository/com/google/inject/guice/4.1.0/guice-4.1.0.jar:/Users/chasecargill/.m2/repository/com/google/inject/extensions/guice-grapher/4.1.0/guice-grapher-4.1.0.jar:/Users/chasecargill/.m2/repository/com/google/inject/extensions/guice-assistedinject/4.1.0/guice-assistedinject-4.1.0.jar:/Users/chasecargill/.m2/repository/com/google/inject/extensions/guice-multibindings/4.1.0/guice-multibindings-4.1.0.jar:/Users/chasecargill/.m2/repository/com/squareup/okhttp3/mockwebserver/3.14.9/mockwebserver-3.14.9.jar:/Users/chasecargill/.m2/repository/com/fasterxml/jackson/core/jackson-databind/2.13.5/jackson-databind-2.13.5.jar:/Users/chasecargill/.m2/repository/com/fasterxml/jackson/core/jackson-annotations/2.13.5/jackson-annotations-2.13.5.jar:/Users/chasecargill/.m2/repository/org/jetbrains/kotlin/kotlin-stdlib-jdk8/1.9.0/kotlin-stdlib-jdk8-1.9.0.jar:/Users/chasecargill/.m2/repository/org/jetbrains/kotlin/kotlin-stdlib/1.9.0/kotlin-stdlib-1.9.0.jar:/Users/chasecargill/.m2/repository/org/jetbrains/kotlin/kotlin-stdlib-jdk7/1.9.0/kotlin-stdlib-jdk7-1.9.0.jar:/Users/chasecargill/.m2/repository/org/jetbrains/kotlin/kotlin-test/1.9.0/kotlin-test-1.9.0.jar:"/>
    <property name="java.vm.vendor" value="Eclipse Adoptium"/>
    <property name="sun.arch.data.model" value="64"/>
    <property name="java.vendor.url" value="https://adoptium.net/"/>
    <property name="user.timezone" value=""/>
    <property name="java.vm.specification.version" value="11"/>
    <property name="os.name" value="Mac OS X"/>
    <property name="sun.java.launcher" value="SUN_STANDARD"/>
    <property name="user.country" value="US"/>
    <property name="sun.boot.library.path" value="/Users/chasecargill/Library/Java/JavaVirtualMachines/temurin-11.0.22/Contents/Home/lib"/>
    <property name="sun.java.command" value="/Users/chasecargill/Code/microbot-fork/runelite-client/target/surefire/surefirebooter15805197236570287570.jar /Users/chasecargill/Code/microbot-fork/runelite-client/target/surefire 2024-04-09T22-08-26_343-jvmRun1 surefire2557384982325766165tmp surefire_23203910082934699475tmp"/>
    <property name="jdk.debug" value="release"/>
    <property name="surefire.test.class.path" value="/Users/chasecargill/Code/microbot-fork/runelite-client/target/test-classes:/Users/chasecargill/Code/microbot-fork/runelite-client/target/classes:/Users/chasecargill/.m2/repository/com/microsoft/signalr/signalr/7.0.4/signalr-7.0.4.jar:/Users/chasecargill/.m2/repository/io/reactivex/rxjava3/rxjava/3.0.11/rxjava-3.0.11.jar:/Users/chasecargill/.m2/repository/org/reactivestreams/reactive-streams/1.0.3/reactive-streams-1.0.3.jar:/Users/chasecargill/.m2/repository/com/squareup/okhttp3/okhttp/3.11.0/okhttp-3.11.0.jar:/Users/chasecargill/.m2/repository/com/squareup/okio/okio/1.14.0/okio-1.14.0.jar:/Users/chasecargill/.m2/repository/org/jetbrains/kotlinx/kotlinx-coroutines-core/1.5.0/kotlinx-coroutines-core-1.5.0.jar:/Users/chasecargill/.m2/repository/org/jetbrains/kotlinx/kotlinx-coroutines-core-jvm/1.5.0/kotlinx-coroutines-core-jvm-1.5.0.jar:/Users/chasecargill/.m2/repository/org/jetbrains/kotlin/kotlin-stdlib-common/1.5.0/kotlin-stdlib-common-1.5.0.jar:/Users/chasecargill/.m2/repository/com/fasterxml/jackson/core/jackson-core/2.13.5/jackson-core-2.13.5.jar:/Users/chasecargill/.m2/repository/com/github/joonasvali/naturalmouse/naturalmouse/2.0.3/naturalmouse-2.0.3.jar:/Users/chasecargill/.m2/repository/org/slf4j/slf4j-api/1.7.25/slf4j-api-1.7.25.jar:/Users/chasecargill/.m2/repository/ch/qos/logback/logback-classic/1.2.9/logback-classic-1.2.9.jar:/Users/chasecargill/.m2/repository/ch/qos/logback/logback-core/1.2.9/logback-core-1.2.9.jar:/Users/chasecargill/.m2/repository/net/sf/jopt-simple/jopt-simple/5.0.1/jopt-simple-5.0.1.jar:/Users/chasecargill/.m2/repository/com/google/guava/guava/23.2-jre/guava-23.2-jre.jar:/Users/chasecargill/.m2/repository/org/xerial/sqlite-jdbc/3.42.0.0/sqlite-jdbc-3.42.0.0.jar:/Users/chasecargill/.m2/repository/com/google/inject/guice/4.1.0/guice-4.1.0-no_aop.jar:/Users/chasecargill/.m2/repository/javax/inject/javax.inject/1/javax.inject-1.jar:/Users/chasecargill/.m2/repository/aopalliance/aopalliance/1.0/aopalliance-1.0.jar:/Users/chasecargill/.m2/repository/com/google/code/gson/gson/2.8.5/gson-2.8.5.jar:/Users/chasecargill/.m2/repository/net/runelite/flatlaf/3.2.5-rl4/flatlaf-3.2.5-rl4.jar:/Users/chasecargill/.m2/repository/org/projectlombok/lombok/1.18.30/lombok-1.18.30.jar:/Users/chasecargill/.m2/repository/org/apache/commons/commons-text/1.2/commons-text-1.2.jar:/Users/chasecargill/.m2/repository/org/apache/commons/commons-lang3/3.7/commons-lang3-3.7.jar:/Users/chasecargill/.m2/repository/net/runelite/archive-patcher/archive-patcher-applier/1.2/archive-patcher-applier-1.2.jar:/Users/chasecargill/.m2/repository/net/java/dev/jna/jna/5.9.0/jna-5.9.0.jar:/Users/chasecargill/.m2/repository/net/java/dev/jna/jna-platform/5.9.0/jna-platform-5.9.0.jar:/Users/chasecargill/.m2/repository/com/google/code/findbugs/jsr305/3.0.2/jsr305-3.0.2.jar:/Users/chasecargill/.m2/repository/org/jetbrains/annotations/23.0.0/annotations-23.0.0.jar:/Users/chasecargill/.m2/repository/com/google/protobuf/protobuf-javalite/3.21.12/protobuf-javalite-3.21.12.jar:/Users/chasecargill/.m2/repository/net/runelite/rlawt/1.4/rlawt-1.4.jar:/Users/chasecargill/.m2/repository/org/lwjgl/lwjgl/3.3.2/lwjgl-3.3.2.jar:/Users/chasecargill/.m2/repository/org/lwjgl/lwjgl/3.3.2/lwjgl-3.3.2-natives-linux.jar:/Users/chasecargill/.m2/repository/org/lwjgl/lwjgl/3.3.2/lwjgl-3.3.2-natives-macos.jar:/Users/chasecargill/.m2/repository/org/lwjgl/lwjgl/3.3.2/lwjgl-3.3.2-natives-macos-arm64.jar:/Users/chasecargill/.m2/repository/org/lwjgl/lwjgl/3.3.2/lwjgl-3.3.2-natives-windows-x86.jar:/Users/chasecargill/.m2/repository/org/lwjgl/lwjgl/3.3.2/lwjgl-3.3.2-natives-windows.jar:/Users/chasecargill/.m2/repository/org/lwjgl/lwjgl/3.3.2/lwjgl-3.3.2-natives-windows-arm64.jar:/Users/chasecargill/.m2/repository/org/lwjgl/lwjgl-opengl/3.3.2/lwjgl-opengl-3.3.2.jar:/Users/chasecargill/.m2/repository/org/lwjgl/lwjgl-opengl/3.3.2/lwjgl-opengl-3.3.2-natives-linux.jar:/Users/chasecargill/.m2/repository/org/lwjgl/lwjgl-opengl/3.3.2/lwjgl-opengl-3.3.2-natives-macos.jar:/Users/chasecargill/.m2/repository/org/lwjgl/lwjgl-opengl/3.3.2/lwjgl-opengl-3.3.2-natives-macos-arm64.jar:/Users/chasecargill/.m2/repository/org/lwjgl/lwjgl-opengl/3.3.2/lwjgl-opengl-3.3.2-natives-windows-x86.jar:/Users/chasecargill/.m2/repository/org/lwjgl/lwjgl-opengl/3.3.2/lwjgl-opengl-3.3.2-natives-windows.jar:/Users/chasecargill/.m2/repository/org/lwjgl/lwjgl-opengl/3.3.2/lwjgl-opengl-3.3.2-natives-windows-arm64.jar:/Users/chasecargill/.m2/repository/org/lwjgl/lwjgl-opencl/3.3.2/lwjgl-opencl-3.3.2.jar:/Users/chasecargill/Code/microbot-fork/runelite-api/target/runelite-api-1.10.26-SNAPSHOT.jar:/Users/chasecargill/Code/microbot-fork/runelite-jshell/target/jshell-1.10.26-SNAPSHOT.jar:/Users/chasecargill/.m2/repository/com/fifesoft/rsyntaxtextarea/3.1.2/rsyntaxtextarea-3.1.2.jar:/Users/chasecargill/.m2/repository/com/fifesoft/autocomplete/3.1.1/autocomplete-3.1.1.jar:/Users/chasecargill/.m2/repository/net/runelite/flatlaf-extras/3.2.5-rl4/flatlaf-extras-3.2.5-rl4.jar:/Users/chasecargill/.m2/repository/com/github/weisj/jsvg/1.2.0/jsvg-1.2.0.jar:/Users/chasecargill/.m2/repository/net/runelite/client-patch/1.10.26-SNAPSHOT/client-patch-1.10.26-SNAPSHOT.jar:/Users/chasecargill/.m2/repository/net/runelite/arn/http-api/1.2.12/http-api-1.2.12.jar:/Users/chasecargill/.m2/repository/net/runelite/discord/1.4/discord-1.4.jar:/Users/chasecargill/.m2/repository/net/runelite/orange-extensions/1.1/orange-extensions-1.1.jar:/Users/chasecargill/.m2/repository/junit/junit/4.12/junit-4.12.jar:/Users/chasecargill/.m2/repository/org/hamcrest/hamcrest-core/1.3/hamcrest-core-1.3.jar:/Users/chasecargill/.m2/repository/org/hamcrest/hamcrest-library/1.3/hamcrest-library-1.3.jar:/Users/chasecargill/.m2/repository/org/mockito/mockito-core/3.1.0/mockito-core-3.1.0.jar:/Users/chasecargill/.m2/repository/net/bytebuddy/byte-buddy/1.9.10/byte-buddy-1.9.10.jar:/Users/chasecargill/.m2/repository/net/bytebuddy/byte-buddy-agent/1.9.10/byte-buddy-agent-1.9.10.jar:/Users/chasecargill/.m2/repository/org/objenesis/objenesis/2.6/objenesis-2.6.jar:/Users/chasecargill/.m2/repository/com/google/inject/extensions/guice-testlib/4.1.0/guice-testlib-4.1.0.jar:/Users/chasecargill/.m2/repository/com/google/inject/guice/4.1.0/guice-4.1.0.jar:/Users/chasecargill/.m2/repository/com/google/inject/extensions/guice-grapher/4.1.0/guice-grapher-4.1.0.jar:/Users/chasecargill/.m2/repository/com/google/inject/extensions/guice-assistedinject/4.1.0/guice-assistedinject-4.1.0.jar:/Users/chasecargill/.m2/repository/com/google/inject/extensions/guice-multibindings/4.1.0/guice-multibindings-4.1.0.jar:/Users/chasecargill/.m2/repository/com/squareup/okhttp3/mockwebserver/3.14.9/mockwebserver-3.14.9.jar:/Users/chasecargill/.m2/repository/com/fasterxml/jackson/core/jackson-databind/2.13.5/jackson-databind-2.13.5.jar:/Users/chasecargill/.m2/repository/com/fasterxml/jackson/core/jackson-annotations/2.13.5/jackson-annotations-2.13.5.jar:/Users/chasecargill/.m2/repository/org/jetbrains/kotlin/kotlin-stdlib-jdk8/1.9.0/kotlin-stdlib-jdk8-1.9.0.jar:/Users/chasecargill/.m2/repository/org/jetbrains/kotlin/kotlin-stdlib/1.9.0/kotlin-stdlib-1.9.0.jar:/Users/chasecargill/.m2/repository/org/jetbrains/kotlin/kotlin-stdlib-jdk7/1.9.0/kotlin-stdlib-jdk7-1.9.0.jar:/Users/chasecargill/.m2/repository/org/jetbrains/kotlin/kotlin-test/1.9.0/kotlin-test-1.9.0.jar:"/>
    <property name="sun.cpu.endian" value="little"/>
    <property name="user.home" value="/Users/chasecargill"/>
    <property name="user.language" value="en"/>
    <property name="glslang.path" value=""/>
    <property name="java.specification.vendor" value="Oracle Corporation"/>
    <property name="java.version.date" value="2024-01-16"/>
    <property name="java.home" value="/Users/chasecargill/Library/Java/JavaVirtualMachines/temurin-11.0.22/Contents/Home"/>
    <property name="file.separator" value="/"/>
    <property name="basedir" value="/Users/chasecargill/Code/microbot-fork/runelite-client"/>
    <property name="java.vm.compressedOopsMode" value="Zero based"/>
    <property name="line.separator" value="&#10;"/>
    <property name="java.specification.name" value="Java Platform API Specification"/>
    <property name="java.vm.specification.vendor" value="Oracle Corporation"/>
    <property name="java.awt.graphicsenv" value="sun.awt.CGraphicsEnvironment"/>
    <property name="surefire.real.class.path" value="/Users/chasecargill/Code/microbot-fork/runelite-client/target/surefire/surefirebooter15805197236570287570.jar"/>
    <property name="sun.management.compiler" value="HotSpot 64-Bit Tiered Compilers"/>
    <property name="java.runtime.version" value="11.0.22+7"/>
    <property name="user.name" value="chasecargill"/>
    <property name="path.separator" value=":"/>
    <property name="os.version" value="14.2.1"/>
    <property name="java.runtime.name" value="OpenJDK Runtime Environment"/>
    <property name="file.encoding" value="UTF-8"/>
    <property name="java.vm.name" value="OpenJDK 64-Bit Server VM"/>
    <property name="java.vendor.version" value="Temurin-11.0.22+7"/>
    <property name="localRepository" value="/Users/chasecargill/.m2/repository"/>
    <property name="java.vendor.url.bug" value="https://github.com/adoptium/adoptium-support/issues"/>
    <property name="java.io.tmpdir" value="/var/folders/3g/97vvpp6n4bb0m2q7nfm_kr200000gn/T/"/>
    <property name="idea.version" value="2023.3.6"/>
    <property name="java.version" value="11.0.22"/>
    <property name="user.dir" value="/Users/chasecargill/Code/microbot-fork/runelite-client"/>
    <property name="os.arch" value="aarch64"/>
    <property name="java.vm.specification.name" value="Java Virtual Machine Specification"/>
    <property name="java.awt.printerjob" value="sun.lwawt.macosx.CPrinterJob"/>
    <property name="sun.os.patch.level" value="unknown"/>
    <property name="java.library.path" value="/Users/chasecargill/Library/Java/Extensions:/Library/Java/Extensions:/Network/Library/Java/Extensions:/System/Library/Java/Extensions:/usr/lib/java:."/>
    <property name="java.vm.info" value="mixed mode"/>
    <property name="java.vendor" value="Eclipse Adoptium"/>
    <property name="java.vm.version" value="11.0.22+7"/>
    <property name="java.specification.maintenance.version" value="2"/>
    <property name="sun.io.unicode.encoding" value="UnicodeBig"/>
    <property name="java.class.version" value="55.0"/>
  </properties>
  <testcase name="forViggoraLocations" classname="net.runelite.client.plugins.cluescrolls.clues.CrypticClueTest" time="0"/>
  <testcase name="forTextEmptyString" classname="net.runelite.client.plugins.cluescrolls.clues.CrypticClueTest" time="0"/>
</testsuite>