<?xml version="1.0" encoding="UTF-8"?>
<testsuite xmlns:xsi="http://www.w3.org/2001/XMLSchema-instance" xsi:noNamespaceSchemaLocation="https://maven.apache.org/surefire/maven-surefire-plugin/xsd/surefire-test-report.xsd" name="net.runelite.cache.models.JagexColorTest" time="0.296" tests="1" errors="0" skipped="0" failures="0">
  <properties>
    <property name="gopherProxySet" value="false"/>
    <property name="awt.toolkit" value="sun.lwawt.macosx.LWCToolkit"/>
    <property name="java.specification.version" value="11"/>
    <property name="sun.cpu.isalist" value=""/>
    <property name="sun.jnu.encoding" value="UTF-8"/>
    <property name="java.class.path" value="/Users/chasecargill/Code/microbot-fork/cache/target/test-classes:/Users/chasecargill/Code/microbot-fork/cache/target/classes:/Users/chasecargill/.m2/repository/com/google/guava/guava/23.2-jre/guava-23.2-jre.jar:/Users/chasecargill/.m2/repository/com/google/code/findbugs/jsr305/3.0.2/jsr305-3.0.2.jar:/Users/chasecargill/.m2/repository/com/google/errorprone/error_prone_annotations/2.0.18/error_prone_annotations-2.0.18.jar:/Users/chasecargill/.m2/repository/com/google/j2objc/j2objc-annotations/1.1/j2objc-annotations-1.1.jar:/Users/chasecargill/.m2/repository/org/codehaus/mojo/animal-sniffer-annotations/1.14/animal-sniffer-annotations-1.14.jar:/Users/chasecargill/.m2/repository/org/slf4j/slf4j-api/1.7.25/slf4j-api-1.7.25.jar:/Users/chasecargill/.m2/repository/org/slf4j/slf4j-simple/1.7.25/slf4j-simple-1.7.25.jar:/Users/chasecargill/.m2/repository/org/apache/commons/commons-compress/1.10/commons-compress-1.10.jar:/Users/chasecargill/.m2/repository/com/google/code/gson/gson/2.8.5/gson-2.8.5.jar:/Users/chasecargill/.m2/repository/org/antlr/antlr4-runtime/4.13.1/antlr4-runtime-4.13.1.jar:/Users/chasecargill/.m2/repository/commons-cli/commons-cli/1.3.1/commons-cli-1.3.1.jar:/Users/chasecargill/.m2/repository/org/projectlombok/lombok/1.18.30/lombok-1.18.30.jar:/Users/chasecargill/.m2/repository/net/java/dev/jna/jna/5.9.0/jna-5.9.0.jar:/Users/chasecargill/.m2/repository/junit/junit/4.12/junit-4.12.jar:/Users/chasecargill/.m2/repository/org/hamcrest/hamcrest-core/1.3/hamcrest-core-1.3.jar:/Users/chasecargill/.m2/repository/net/runelite/rs/cache/165/cache-165.jar:/Users/chasecargill/.m2/repository/org/jetbrains/kotlin/kotlin-stdlib-jdk8/1.9.0/kotlin-stdlib-jdk8-1.9.0.jar:/Users/chasecargill/.m2/repository/org/jetbrains/kotlin/kotlin-stdlib/1.9.0/kotlin-stdlib-1.9.0.jar:/Users/chasecargill/.m2/repository/org/jetbrains/kotlin/kotlin-stdlib-common/1.9.0/kotlin-stdlib-common-1.9.0.jar:/Users/chasecargill/.m2/repository/org/jetbrains/annotations/13.0/annotations-13.0.jar:/Users/chasecargill/.m2/repository/org/jetbrains/kotlin/kotlin-stdlib-jdk7/1.9.0/kotlin-stdlib-jdk7-1.9.0.jar:/Users/chasecargill/.m2/repository/org/jetbrains/kotlin/kotlin-test/1.9.0/kotlin-test-1.9.0.jar:"/>
    <property name="java.vm.vendor" value="Eclipse Adoptium"/>
    <property name="sun.arch.data.model" value="64"/>
    <property name="java.vendor.url" value="https://adoptium.net/"/>
    <property name="user.timezone" value=""/>
    <property name="java.vm.specification.version" value="11"/>
    <property name="os.name" value="Mac OS X"/>
    <property name="sun.java.launcher" value="SUN_STANDARD"/>
    <property name="user.country" value="US"/>
    <property name="sun.boot.library.path" value="/Users/chasecargill/Library/Java/JavaVirtualMachines/temurin-11.0.22/Contents/Home/lib"/>
    <property name="sun.java.command" value="/Users/chasecargill/Code/microbot-fork/cache/target/surefire/surefirebooter9337970617572103009.jar /Users/chasecargill/Code/microbot-fork/cache/target/surefire 2024-04-09T22-08-26_343-jvmRun1 surefire4652077487061800394tmp surefire_017472621792790568237tmp"/>
    <property name="jdk.debug" value="release"/>
    <property name="surefire.test.class.path" value="/Users/chasecargill/Code/microbot-fork/cache/target/test-classes:/Users/chasecargill/Code/microbot-fork/cache/target/classes:/Users/chasecargill/.m2/repository/com/google/guava/guava/23.2-jre/guava-23.2-jre.jar:/Users/chasecargill/.m2/repository/com/google/code/findbugs/jsr305/3.0.2/jsr305-3.0.2.jar:/Users/chasecargill/.m2/repository/com/google/errorprone/error_prone_annotations/2.0.18/error_prone_annotations-2.0.18.jar:/Users/chasecargill/.m2/repository/com/google/j2objc/j2objc-annotations/1.1/j2objc-annotations-1.1.jar:/Users/chasecargill/.m2/repository/org/codehaus/mojo/animal-sniffer-annotations/1.14/animal-sniffer-annotations-1.14.jar:/Users/chasecargill/.m2/repository/org/slf4j/slf4j-api/1.7.25/slf4j-api-1.7.25.jar:/Users/chasecargill/.m2/repository/org/slf4j/slf4j-simple/1.7.25/slf4j-simple-1.7.25.jar:/Users/chasecargill/.m2/repository/org/apache/commons/commons-compress/1.10/commons-compress-1.10.jar:/Users/chasecargill/.m2/repository/com/google/code/gson/gson/2.8.5/gson-2.8.5.jar:/Users/chasecargill/.m2/repository/org/antlr/antlr4-runtime/4.13.1/antlr4-runtime-4.13.1.jar:/Users/chasecargill/.m2/repository/commons-cli/commons-cli/1.3.1/commons-cli-1.3.1.jar:/Users/chasecargill/.m2/repository/org/projectlombok/lombok/1.18.30/lombok-1.18.30.jar:/Users/chasecargill/.m2/repository/net/java/dev/jna/jna/5.9.0/jna-5.9.0.jar:/Users/chasecargill/.m2/repository/junit/junit/4.12/junit-4.12.jar:/Users/chasecargill/.m2/repository/org/hamcrest/hamcrest-core/1.3/hamcrest-core-1.3.jar:/Users/chasecargill/.m2/repository/net/runelite/rs/cache/165/cache-165.jar:/Users/chasecargill/.m2/repository/org/jetbrains/kotlin/kotlin-stdlib-jdk8/1.9.0/kotlin-stdlib-jdk8-1.9.0.jar:/Users/chasecargill/.m2/repository/org/jetbrains/kotlin/kotlin-stdlib/1.9.0/kotlin-stdlib-1.9.0.jar:/Users/chasecargill/.m2/repository/org/jetbrains/kotlin/kotlin-stdlib-common/1.9.0/kotlin-stdlib-common-1.9.0.jar:/Users/chasecargill/.m2/repository/org/jetbrains/annotations/13.0/annotations-13.0.jar:/Users/chasecargill/.m2/repository/org/jetbrains/kotlin/kotlin-stdlib-jdk7/1.9.0/kotlin-stdlib-jdk7-1.9.0.jar:/Users/chasecargill/.m2/repository/org/jetbrains/kotlin/kotlin-test/1.9.0/kotlin-test-1.9.0.jar:"/>
    <property name="sun.cpu.endian" value="little"/>
    <property name="user.home" value="/Users/chasecargill"/>
    <property name="user.language" value="en"/>
    <property name="glslang.path" value=""/>
    <property name="java.specification.vendor" value="Oracle Corporation"/>
    <property name="java.version.date" value="2024-01-16"/>
    <property name="java.home" value="/Users/chasecargill/Library/Java/JavaVirtualMachines/temurin-11.0.22/Contents/Home"/>
    <property name="file.separator" value="/"/>
    <property name="basedir" value="/Users/chasecargill/Code/microbot-fork/cache"/>
    <property name="java.vm.compressedOopsMode" value="Zero based"/>
    <property name="line.separator" value="&#10;"/>
    <property name="java.specification.name" value="Java Platform API Specification"/>
    <property name="java.vm.specification.vendor" value="Oracle Corporation"/>
    <property name="java.awt.graphicsenv" value="sun.awt.CGraphicsEnvironment"/>
    <property name="surefire.real.class.path" value="/Users/chasecargill/Code/microbot-fork/cache/target/surefire/surefirebooter9337970617572103009.jar"/>
    <property name="sun.management.compiler" value="HotSpot 64-Bit Tiered Compilers"/>
    <property name="java.runtime.version" value="11.0.22+7"/>
    <property name="user.name" value="chasecargill"/>
    <property name="path.separator" value=":"/>
    <property name="os.version" value="14.2.1"/>
    <property name="java.runtime.name" value="OpenJDK Runtime Environment"/>
    <property name="file.encoding" value="UTF-8"/>
    <property name="java.vm.name" value="OpenJDK 64-Bit Server VM"/>
    <property name="java.vendor.version" value="Temurin-11.0.22+7"/>
    <property name="localRepository" value="/Users/chasecargill/.m2/repository"/>
    <property name="java.vendor.url.bug" value="https://github.com/adoptium/adoptium-support/issues"/>
    <property name="java.io.tmpdir" value="/var/folders/3g/97vvpp6n4bb0m2q7nfm_kr200000gn/T/"/>
    <property name="idea.version" value="2023.3.6"/>
    <property name="java.version" value="11.0.22"/>
    <property name="user.dir" value="/Users/chasecargill/Code/microbot-fork/cache"/>
    <property name="os.arch" value="aarch64"/>
    <property name="cache.tmpdir" value=""/>
    <property name="java.vm.specification.name" value="Java Virtual Machine Specification"/>
    <property name="java.awt.printerjob" value="sun.lwawt.macosx.CPrinterJob"/>
    <property name="sun.os.patch.level" value="unknown"/>
    <property name="java.library.path" value="/Users/chasecargill/Library/Java/Extensions:/Library/Java/Extensions:/Network/Library/Java/Extensions:/System/Library/Java/Extensions:/usr/lib/java:."/>
    <property name="java.vm.info" value="mixed mode"/>
    <property name="java.vendor" value="Eclipse Adoptium"/>
    <property name="java.vm.version" value="11.0.22+7"/>
    <property name="java.specification.maintenance.version" value="2"/>
    <property name="sun.io.unicode.encoding" value="UnicodeBig"/>
    <property name="java.class.version" value="55.0"/>
  </properties>
  <testcase name="testHslToRgb" classname="net.runelite.cache.models.JagexColorTest" time="0.296"/>
</testsuite>